<APIProxy name="DisplayName">
  <Basepaths>/hvdbjsx/e/w</Basepaths>
</APIProxy>
